Warning[205] D:\DOCUMENTS\CURSOENSAMBLADORINTESC\EJERCICIO_A5_MEJORADO.X\MAIN.ASM 3 : Found directive in column 1. (LIST)
Warning[205] D:\DOCUMENTS\CURSOENSAMBLADORINTESC\EJERCICIO_A5_MEJORADO.X\MAIN.ASM 4 : Found directive in column 1. (INCLUDE)
Warning[205] D:\DOCUMENTS\CURSOENSAMBLADORINTESC\EJERCICIO_A5_MEJORADO.X\MAIN.ASM 15 : Found directive in column 1. (CBLOCK)
Warning[205] D:\DOCUMENTS\CURSOENSAMBLADORINTESC\EJERCICIO_A5_MEJORADO.X\MAIN.ASM 20 : Found directive in column 1. (ENDC)
Warning[205] D:\DOCUMENTS\CURSOENSAMBLADORINTESC\EJERCICIO_A5_MEJORADO.X\MAIN.ASM 22 : Found directive in column 1. (ORG)
Warning[205] D:\DOCUMENTS\CURSOENSAMBLADORINTESC\EJERCICIO_A5_MEJORADO.X\MAIN.ASM 25 : Found directive in column 1. (ORG)
Message[302] D:\DOCUMENTS\CURSOENSAMBLADORINTESC\EJERCICIO_A5_MEJORADO.X\MAIN.ASM 29 : Register in operand not in bank 0.  Ensure that bank bits are correct.
Message[302] D:\DOCUMENTS\CURSOENSAMBLADORINTESC\EJERCICIO_A5_MEJORADO.X\MAIN.ASM 31 : Register in operand not in bank 0.  Ensure that bank bits are correct.
Message[302] D:\DOCUMENTS\CURSOENSAMBLADORINTESC\EJERCICIO_A5_MEJORADO.X\MAIN.ASM 34 : Register in operand not in bank 0.  Ensure that bank bits are correct.
Message[305] D:\DOCUMENTS\CURSOENSAMBLADORINTESC\EJERCICIO_A5_MEJORADO.X\MAIN.ASM 1268 : Using default destination of 1 (file).
Message[305] D:\DOCUMENTS\CURSOENSAMBLADORINTESC\EJERCICIO_A5_MEJORADO.X\MAIN.ASM 1278 : Using default destination of 1 (file).
Message[305] D:\DOCUMENTS\CURSOENSAMBLADORINTESC\EJERCICIO_A5_MEJORADO.X\MAIN.ASM 1288 : Using default destination of 1 (file).
Message[305] D:\DOCUMENTS\CURSOENSAMBLADORINTESC\EJERCICIO_A5_MEJORADO.X\MAIN.ASM 1298 : Using default destination of 1 (file).
Warning[205] D:\DOCUMENTS\CURSOENSAMBLADORINTESC\EJERCICIO_A5_MEJORADO.X\MAIN.ASM 1302 : Found directive in column 1. (INCLUDE)
Warning[205] D:\DOCUMENTS\CURSOENSAMBLADORINTESC\EJERCICIO_A5_MEJORADO.X\LCD_LIB.INC 5 : Found directive in column 1. (CBLOCK)
Warning[205] D:\DOCUMENTS\CURSOENSAMBLADORINTESC\EJERCICIO_A5_MEJORADO.X\LCD_LIB.INC 15 : Found directive in column 1. (ENDC)
Message[305] D:\DOCUMENTS\CURSOENSAMBLADORINTESC\EJERCICIO_A5_MEJORADO.X\LCD_LIB.INC 325 : Using default destination of 1 (file).
Message[305] D:\DOCUMENTS\CURSOENSAMBLADORINTESC\EJERCICIO_A5_MEJORADO.X\LCD_LIB.INC 335 : Using default destination of 1 (file).
Message[305] D:\DOCUMENTS\CURSOENSAMBLADORINTESC\EJERCICIO_A5_MEJORADO.X\LCD_LIB.INC 345 : Using default destination of 1 (file).
Message[305] D:\DOCUMENTS\CURSOENSAMBLADORINTESC\EJERCICIO_A5_MEJORADO.X\LCD_LIB.INC 354 : Using default destination of 1 (file).
Message[305] D:\DOCUMENTS\CURSOENSAMBLADORINTESC\EJERCICIO_A5_MEJORADO.X\LCD_LIB.INC 364 : Using default destination of 1 (file).
Message[305] D:\DOCUMENTS\CURSOENSAMBLADORINTESC\EJERCICIO_A5_MEJORADO.X\LCD_LIB.INC 374 : Using default destination of 1 (file).
